[ERROR] 2023-03-30 06:16:20.889 [AWT-EventQueue-0] ErrorPopup - null
[ERROR] 2023-03-30 10:03:36.588 [main] ErrorPopup - Connection refused
[ERROR] 2023-03-30 10:04:29.146 [main] ErrorPopup - Connection refused
[ERROR] 2023-03-30 10:04:31.380 [main] ErrorPopup - 	at java.base/sun.nio.ch.Net.pollConnect(Native Method)
	at java.base/sun.nio.ch.Net.pollConnectNow(Net.java:672)
	at java.base/sun.nio.ch.NioSocketImpl.timedFinishConnect(NioSocketImpl.java:535)
	at java.base/sun.nio.ch.NioSocketImpl.connect(NioSocketImpl.java:585)
	at java.base/java.net.SocksSocketImpl.connect(SocksSocketImpl.java:327)
	at java.base/java.net.Socket.connect(Socket.java:666)
	at com.leo.utils.Sockets.getSocket(Sockets.java:20)
	at com.leo.Client.main(Client.java:18)

[ERROR] 2023-03-30 10:20:34.116 [main] ErrorPopup - Connection refused
[ERROR] 2023-03-30 10:27:15.046 [main] ErrorPopup - Connection refused
[ERROR] 2023-03-30 10:27:23.358 [AWT-EventQueue-0] ErrorPopup - Socket is not connected
[INFO ] 2023-03-30 10:39:45.389 [main] Sockets - Failed to connect to server after: 1 times
[ERROR] 2023-03-30 10:39:45.391 [main] Sockets - Connection refused
[INFO ] 2023-03-30 10:39:50.392 [main] Sockets - Failed to connect to server after: 2 times
[ERROR] 2023-03-30 10:39:50.393 [main] Sockets - Connection refused
[INFO ] 2023-03-30 10:39:55.395 [main] Sockets - Failed to connect to server after: 3 times
[ERROR] 2023-03-30 10:39:55.395 [main] Sockets - Connection refused
[INFO ] 2023-03-30 10:40:00.397 [main] Sockets - Failed to connect to server after: 4 times
[ERROR] 2023-03-30 10:40:00.398 [main] Sockets - Connection refused
[INFO ] 2023-03-30 10:40:05.399 [main] Sockets - Failed to connect to server after: 5 times
[ERROR] 2023-03-30 10:40:05.400 [main] Sockets - Connection refused
[INFO ] 2023-03-30 10:40:10.401 [main] Sockets - Failed to connect to server after: 6 times
[ERROR] 2023-03-30 10:40:10.401 [main] Sockets - Connection refused
[INFO ] 2023-03-30 10:40:15.403 [main] Sockets - Failed to connect to server after: 7 times
[ERROR] 2023-03-30 10:40:15.404 [main] Sockets - Connection refused
[INFO ] 2023-03-30 10:40:20.405 [main] Sockets - Failed to connect to server after: 8 times
[ERROR] 2023-03-30 10:40:20.406 [main] Sockets - Connection refused
[INFO ] 2023-03-30 10:40:25.407 [main] Sockets - Failed to connect to server after: 9 times
[ERROR] 2023-03-30 10:40:25.408 [main] Sockets - Connection refused
[INFO ] 2023-03-30 10:40:30.409 [main] Sockets - Failed to connect to server after: 10 times
[ERROR] 2023-03-30 10:40:30.410 [main] Sockets - Connection refused
[INFO ] 2023-03-30 10:40:35.411 [main] Sockets - Failed to connect to server after: 11 times
[ERROR] 2023-03-30 10:40:35.412 [main] Sockets - Connection refused
[INFO ] 2023-03-30 10:40:40.413 [main] Sockets - Failed to connect to server after: 12 times
[ERROR] 2023-03-30 10:40:40.413 [main] Sockets - Connection refused
[INFO ] 2023-03-30 10:40:45.415 [main] Sockets - Failed to connect to server after: 13 times
[ERROR] 2023-03-30 10:40:45.416 [main] Sockets - Connection refused
[INFO ] 2023-03-30 10:40:50.417 [main] Sockets - Failed to connect to server after: 14 times
[ERROR] 2023-03-30 10:40:50.418 [main] Sockets - Connection refused
[INFO ] 2023-03-30 10:40:55.419 [main] Sockets - Failed to connect to server after: 15 times
[ERROR] 2023-03-30 10:40:55.419 [main] Sockets - Connection refused
[INFO ] 2023-03-30 10:41:00.420 [main] Sockets - Failed to connect to server after: 16 times
[ERROR] 2023-03-30 10:41:00.420 [main] Sockets - Connection refused
[INFO ] 2023-03-30 10:41:05.421 [main] Sockets - Failed to connect to server after: 17 times
[ERROR] 2023-03-30 10:41:05.422 [main] Sockets - Connection refused
[INFO ] 2023-03-30 10:41:10.423 [main] Sockets - Failed to connect to server after: 18 times
[ERROR] 2023-03-30 10:41:10.424 [main] Sockets - Connection refused
[INFO ] 2023-03-30 10:41:15.426 [main] Sockets - Failed to connect to server after: 19 times
[ERROR] 2023-03-30 10:41:15.426 [main] Sockets - Connection refused
[INFO ] 2023-03-30 10:41:20.428 [main] Sockets - Failed to connect to server after: 20 times
[ERROR] 2023-03-30 10:41:20.429 [main] Sockets - Connection refused
[INFO ] 2023-03-30 10:41:25.430 [main] Sockets - Failed to connect to server after: 21 times
[ERROR] 2023-03-30 10:41:25.430 [main] Sockets - Connection refused
[INFO ] 2023-03-30 10:41:30.431 [main] Sockets - Failed to connect to server after: 22 times
[ERROR] 2023-03-30 10:41:30.431 [main] Sockets - Connection refused
[INFO ] 2023-03-30 10:41:35.433 [main] Sockets - Failed to connect to server after: 23 times
[ERROR] 2023-03-30 10:41:35.434 [main] Sockets - Connection refused
[INFO ] 2023-03-30 10:41:40.435 [main] Sockets - Failed to connect to server after: 24 times
[ERROR] 2023-03-30 10:41:40.435 [main] Sockets - Connection refused
[INFO ] 2023-03-30 10:41:45.437 [main] Sockets - Failed to connect to server after: 25 times
[ERROR] 2023-03-30 10:41:45.438 [main] Sockets - Connection refused
[INFO ] 2023-03-30 10:41:50.439 [main] Sockets - Failed to connect to server after: 26 times
[ERROR] 2023-03-30 10:41:50.440 [main] Sockets - Connection refused
[INFO ] 2023-03-30 10:41:55.442 [main] Sockets - Failed to connect to server after: 27 times
[ERROR] 2023-03-30 10:41:55.443 [main] Sockets - Connection refused
[INFO ] 2023-03-30 10:42:00.444 [main] Sockets - Failed to connect to server after: 28 times
[ERROR] 2023-03-30 10:42:00.445 [main] Sockets - Connection refused
[INFO ] 2023-03-30 10:42:05.446 [main] Sockets - Failed to connect to server after: 29 times
[ERROR] 2023-03-30 10:42:05.447 [main] Sockets - Connection refused
[INFO ] 2023-03-30 10:42:10.449 [main] Sockets - Failed to connect to server after: 30 times
[ERROR] 2023-03-30 10:42:10.449 [main] Sockets - Connection refused
[INFO ] 2023-03-30 10:42:15.450 [main] Sockets - Failed to connect to server after: 31 times
[ERROR] 2023-03-30 10:42:15.450 [main] Sockets - Connection refused
[INFO ] 2023-03-30 10:42:20.452 [main] Sockets - Failed to connect to server after: 32 times
[ERROR] 2023-03-30 10:42:20.452 [main] Sockets - Connection refused
[INFO ] 2023-03-30 10:42:25.454 [main] Sockets - Failed to connect to server after: 33 times
[ERROR] 2023-03-30 10:42:25.455 [main] Sockets - Connection refused
[INFO ] 2023-03-30 10:42:30.457 [main] Sockets - Failed to connect to server after: 34 times
[ERROR] 2023-03-30 10:42:30.457 [main] Sockets - Connection refused
[INFO ] 2023-03-30 10:42:35.458 [main] Sockets - Failed to connect to server after: 35 times
[ERROR] 2023-03-30 10:42:35.459 [main] Sockets - Connection refused
[INFO ] 2023-03-30 10:42:40.460 [main] Sockets - Failed to connect to server after: 36 times
[ERROR] 2023-03-30 10:42:40.461 [main] Sockets - Connection refused
[INFO ] 2023-03-30 10:42:45.463 [main] Sockets - Failed to connect to server after: 37 times
[ERROR] 2023-03-30 10:42:45.463 [main] Sockets - Connection refused
[INFO ] 2023-03-30 10:42:50.464 [main] Sockets - Failed to connect to server after: 38 times
[ERROR] 2023-03-30 10:42:50.465 [main] Sockets - Connection refused
[INFO ] 2023-03-30 10:42:55.466 [main] Sockets - Failed to connect to server after: 39 times
[ERROR] 2023-03-30 10:42:55.466 [main] Sockets - Connection refused
[INFO ] 2023-03-30 10:43:00.467 [main] Sockets - Failed to connect to server after: 40 times
[ERROR] 2023-03-30 10:43:00.467 [main] Sockets - Connection refused
[INFO ] 2023-03-30 10:43:05.468 [main] Sockets - Failed to connect to server after: 41 times
[ERROR] 2023-03-30 10:43:05.469 [main] Sockets - Connection refused
[INFO ] 2023-03-30 10:43:10.470 [main] Sockets - Failed to connect to server after: 42 times
[ERROR] 2023-03-30 10:43:10.471 [main] Sockets - Connection refused
[INFO ] 2023-03-30 10:43:15.472 [main] Sockets - Failed to connect to server after: 43 times
[ERROR] 2023-03-30 10:43:15.472 [main] Sockets - Connection refused
[INFO ] 2023-03-30 10:43:20.474 [main] Sockets - Failed to connect to server after: 44 times
[ERROR] 2023-03-30 10:43:20.475 [main] Sockets - Connection refused
[INFO ] 2023-03-30 10:43:25.475 [main] Sockets - Failed to connect to server after: 45 times
[ERROR] 2023-03-30 10:43:25.476 [main] Sockets - Connection refused
[INFO ] 2023-03-30 10:43:30.476 [main] Sockets - Failed to connect to server after: 46 times
[ERROR] 2023-03-30 10:43:30.477 [main] Sockets - Connection refused
[INFO ] 2023-03-30 10:43:35.477 [main] Sockets - Failed to connect to server after: 47 times
[ERROR] 2023-03-30 10:43:35.478 [main] Sockets - Connection refused
[INFO ] 2023-03-30 10:43:40.479 [main] Sockets - Failed to connect to server after: 48 times
[ERROR] 2023-03-30 10:43:40.479 [main] Sockets - Connection refused
[INFO ] 2023-03-30 10:43:45.481 [main] Sockets - Failed to connect to server after: 49 times
[ERROR] 2023-03-30 10:43:45.482 [main] Sockets - Connection refused
[INFO ] 2023-03-30 10:43:50.484 [main] Sockets - Failed to connect to server after: 50 times
[ERROR] 2023-03-30 10:43:50.484 [main] Sockets - Connection refused
[INFO ] 2023-03-30 10:43:55.486 [main] Sockets - Failed to connect to server after: 51 times
[ERROR] 2023-03-30 10:43:55.487 [main] Sockets - Connection refused
[INFO ] 2023-03-30 10:44:00.487 [main] Sockets - Failed to connect to server after: 52 times
[ERROR] 2023-03-30 10:44:00.488 [main] Sockets - Connection refused
[INFO ] 2023-03-30 10:44:05.489 [main] Sockets - Failed to connect to server after: 53 times
[ERROR] 2023-03-30 10:44:05.491 [main] Sockets - Connection refused
[INFO ] 2023-03-30 10:44:10.493 [main] Sockets - Failed to connect to server after: 54 times
[ERROR] 2023-03-30 10:44:10.493 [main] Sockets - Connection refused
[INFO ] 2023-03-30 10:44:15.496 [main] Sockets - Failed to connect to server after: 55 times
[ERROR] 2023-03-30 10:44:15.496 [main] Sockets - Connection refused
[INFO ] 2023-03-30 10:44:20.498 [main] Sockets - Failed to connect to server after: 56 times
[ERROR] 2023-03-30 10:44:20.499 [main] Sockets - Connection refused
[INFO ] 2023-03-30 10:44:25.500 [main] Sockets - Failed to connect to server after: 57 times
[ERROR] 2023-03-30 10:44:25.501 [main] Sockets - Connection refused
[INFO ] 2023-03-30 10:44:30.502 [main] Sockets - Failed to connect to server after: 58 times
[ERROR] 2023-03-30 10:44:30.503 [main] Sockets - Connection refused
[INFO ] 2023-03-30 10:44:35.504 [main] Sockets - Failed to connect to server after: 59 times
[ERROR] 2023-03-30 10:44:35.505 [main] Sockets - Connection refused
[INFO ] 2023-03-30 10:44:40.506 [main] Sockets - Failed to connect to server after: 60 times
[ERROR] 2023-03-30 10:44:40.507 [main] Sockets - Connection refused
[INFO ] 2023-03-30 10:44:45.509 [main] Sockets - Failed to connect to server after: 61 times
[ERROR] 2023-03-30 10:44:45.510 [main] Sockets - Connection refused
[INFO ] 2023-03-30 10:44:50.511 [main] Sockets - Failed to connect to server after: 62 times
[ERROR] 2023-03-30 10:44:50.512 [main] Sockets - Connection refused
[INFO ] 2023-03-30 10:44:55.513 [main] Sockets - Failed to connect to server after: 63 times
[ERROR] 2023-03-30 10:44:55.514 [main] Sockets - Connection refused
[INFO ] 2023-03-30 10:45:00.515 [main] Sockets - Failed to connect to server after: 64 times
[ERROR] 2023-03-30 10:45:00.515 [main] Sockets - Connection refused
[INFO ] 2023-03-30 10:45:05.716 [main] Sockets - Failed to connect to server after: 1 times
[ERROR] 2023-03-30 10:45:05.719 [main] ErrorPopup - Connection refused
[ERROR] 2023-03-30 10:45:19.124 [main] ErrorPopup - 	at java.base/sun.nio.ch.Net.pollConnect(Native Method)
	at java.base/sun.nio.ch.Net.pollConnectNow(Net.java:672)
	at java.base/sun.nio.ch.NioSocketImpl.timedFinishConnect(NioSocketImpl.java:535)
	at java.base/sun.nio.ch.NioSocketImpl.connect(NioSocketImpl.java:585)
	at java.base/java.net.SocksSocketImpl.connect(SocksSocketImpl.java:327)
	at java.base/java.net.Socket.connect(Socket.java:666)
	at com.leo.utils.Sockets.getSocket(Sockets.java:24)
	at com.leo.Client.main(Client.java:18)

[INFO ] 2023-03-30 10:45:35.305 [main] Sockets - Failed to connect to server after: 1 times
[ERROR] 2023-03-30 10:45:35.308 [main] ErrorPopup - Connection refused
[INFO ] 2023-03-30 10:45:55.233 [main] Sockets - Failed to connect to server after: 1 times
[ERROR] 2023-03-30 10:45:55.237 [main] ErrorPopup - Connection refused
[ERROR] 2023-03-30 10:46:06.587 [main] ErrorPopup - 	at java.base/sun.nio.ch.Net.pollConnect(Native Method)
	at java.base/sun.nio.ch.Net.pollConnectNow(Net.java:672)
	at java.base/sun.nio.ch.NioSocketImpl.timedFinishConnect(NioSocketImpl.java:535)
	at java.base/sun.nio.ch.NioSocketImpl.connect(NioSocketImpl.java:585)
	at java.base/java.net.SocksSocketImpl.connect(SocksSocketImpl.java:327)
	at java.base/java.net.Socket.connect(Socket.java:666)
	at com.leo.utils.Sockets.getSocket(Sockets.java:24)
	at com.leo.Client.main(Client.java:18)

[INFO ] 2023-03-30 10:46:22.088 [main] Sockets - Failed to connect to server after: 1 times
[INFO ] 2023-03-30 10:46:27.092 [main] Sockets - Failed to connect to server after: 2 times
[INFO ] 2023-03-30 10:46:32.093 [main] Sockets - Failed to connect to server after: 3 times
[INFO ] 2023-03-30 10:46:37.094 [main] Sockets - Failed to connect to server after: 4 times
[INFO ] 2023-03-30 10:46:42.096 [main] Sockets - Failed to connect to server after: 5 times
[INFO ] 2023-03-30 10:46:47.097 [main] Sockets - Failed to connect to server after: 6 times
[INFO ] 2023-03-30 10:46:52.100 [main] Sockets - Failed to connect to server after: 7 times
[INFO ] 2023-03-30 10:46:57.102 [main] Sockets - Failed to connect to server after: 8 times
[INFO ] 2023-03-30 10:47:02.104 [main] Sockets - Failed to connect to server after: 9 times
[INFO ] 2023-03-30 10:47:07.105 [main] Sockets - Failed to connect to server after: 10 times
[INFO ] 2023-03-30 10:47:12.106 [main] Sockets - Failed to connect to server after: 11 times
[INFO ] 2023-03-30 10:47:17.108 [main] Sockets - Failed to connect to server after: 12 times
[INFO ] 2023-03-30 10:47:22.110 [main] Sockets - Failed to connect to server after: 13 times
[INFO ] 2023-03-30 10:47:27.112 [main] Sockets - Failed to connect to server after: 14 times
[INFO ] 2023-03-30 10:47:32.114 [main] Sockets - Failed to connect to server after: 15 times
[INFO ] 2023-03-30 10:47:37.115 [main] Sockets - Failed to connect to server after: 16 times
[INFO ] 2023-03-30 10:47:42.116 [main] Sockets - Failed to connect to server after: 17 times
[INFO ] 2023-03-30 10:47:47.118 [main] Sockets - Failed to connect to server after: 18 times
[INFO ] 2023-03-30 10:47:52.120 [main] Sockets - Failed to connect to server after: 19 times
[INFO ] 2023-03-30 10:47:57.122 [main] Sockets - Failed to connect to server after: 20 times
[INFO ] 2023-03-30 10:48:02.123 [main] Sockets - Failed to connect to server after: 21 times
[INFO ] 2023-03-30 10:48:07.125 [main] Sockets - Failed to connect to server after: 22 times
[INFO ] 2023-03-30 10:48:12.127 [main] Sockets - Failed to connect to server after: 23 times
[INFO ] 2023-03-30 10:48:17.128 [main] Sockets - Failed to connect to server after: 24 times
[INFO ] 2023-03-30 10:48:22.130 [main] Sockets - Failed to connect to server after: 25 times
[INFO ] 2023-03-30 10:48:27.132 [main] Sockets - Failed to connect to server after: 26 times
[INFO ] 2023-03-30 10:48:32.133 [main] Sockets - Failed to connect to server after: 27 times
[INFO ] 2023-03-30 10:48:37.134 [main] Sockets - Failed to connect to server after: 28 times
[INFO ] 2023-03-30 10:48:42.135 [main] Sockets - Failed to connect to server after: 29 times
[INFO ] 2023-03-30 10:48:47.137 [main] Sockets - Failed to connect to server after: 30 times
[INFO ] 2023-03-30 10:48:52.139 [main] Sockets - Failed to connect to server after: 31 times
[INFO ] 2023-03-30 10:48:55.812 [main] Sockets - Failed to connect to server after: 1 times
[INFO ] 2023-03-30 10:49:06.032 [main] Sockets - Failed to connect to server after: 2 times
[INFO ] 2023-03-30 10:49:11.054 [main] Sockets - Failed to connect to server after: 3 times
[INFO ] 2023-03-30 10:49:16.562 [main] Sockets - Failed to connect to server after: 4 times
[INFO ] 2023-03-30 10:50:58.012 [main] Sockets - Failed to connect to server after: 1 times
[INFO ] 2023-03-30 10:51:04.160 [main] Sockets - Failed to connect to server after: 2 times
[INFO ] 2023-03-30 10:51:07.981 [main] Sockets - Failed to connect to server after: 3 times
[INFO ] 2023-03-30 10:53:37.223 [main] Sockets - Failed to connect to server after: 4 times
[INFO ] 2023-03-30 10:54:41.592 [main] Sockets - Failed to connect to server after: 5 times
[INFO ] 2023-03-30 10:58:01.904 [main] Sockets - Failed to connect to server after: 1 times
[INFO ] 2023-03-30 10:58:05.630 [main] Sockets - Failed to connect to server after: 2 times
[INFO ] 2023-03-30 10:58:18.696 [main] Sockets - Failed to connect to server after: 3 times
[ERROR] 2023-03-30 11:06:26.007 [AWT-EventQueue-0] ErrorPopup - Cannot invoke "String.equals(Object)" because "this.password" is null
[ERROR] 2023-03-30 11:06:34.251 [AWT-EventQueue-0] ErrorPopup - Cannot invoke "String.equals(Object)" because "this.password" is null
[ERROR] 2023-03-30 11:09:38.141 [AWT-EventQueue-0] ErrorPopup - Choose user need to edit
[INFO ] 2023-03-30 11:13:54.484 [main] Sockets - Failed to connect to server after: 1 times
[INFO ] 2023-03-30 11:14:00.610 [main] Sockets - Failed to connect to server after: 2 times
[INFO ] 2023-03-30 11:14:04.212 [main] Sockets - Failed to connect to server after: 3 times
[ERROR] 2023-03-30 11:18:24.507 [AWT-EventQueue-0] ErrorPopup - null
[INFO ] 2023-03-30 11:32:36.378 [main] Sockets - Failed to connect to server after: 1 times
[INFO ] 2023-03-30 11:32:40.559 [main] Sockets - Failed to connect to server after: 2 times
[INFO ] 2023-03-30 11:32:43.545 [main] Sockets - Failed to connect to server after: 3 times
[INFO ] 2023-03-30 12:44:30.202 [Thread-0] Sockets - Received: PONG
[INFO ] 2023-03-30 12:44:40.220 [Thread-0] Sockets - Received: PONG
[INFO ] 2023-03-30 12:45:19.739 [Thread-0] Sockets - Sent: PING
[INFO ] 2023-03-30 12:45:20.127 [Thread-0] Sockets - Received: PONG
[INFO ] 2023-03-30 12:45:30.128 [Thread-0] Sockets - Sent: PING
[INFO ] 2023-03-30 12:45:30.130 [Thread-0] Sockets - Received: PONG
[INFO ] 2023-03-30 12:45:40.130 [Thread-0] Sockets - Sent: PING
[INFO ] 2023-03-30 12:45:40.132 [Thread-0] Sockets - Received: PONG
[INFO ] 2023-03-30 12:45:50.133 [Thread-0] Sockets - Sent: PING
[INFO ] 2023-03-30 12:53:34.352 [main] Sockets - Failed to connect to server after: 1 times
[INFO ] 2023-03-30 12:53:38.653 [main] Sockets - Failed to connect to server after: 2 times
[INFO ] 2023-03-30 12:53:49.918 [main] Sockets - Failed to connect to server after: 3 times
[INFO ] 2023-03-30 12:53:53.379 [main] Sockets - Failed to connect to server after: 4 times
[INFO ] 2023-03-30 12:54:00.003 [main] Sockets - Failed to connect to server after: 5 times
[INFO ] 2023-03-30 12:54:04.097 [main] Sockets - Failed to connect to server after: 6 times
[INFO ] 2023-03-30 12:55:19.910 [main] Sockets - Failed to connect to server after: 1 times
[INFO ] 2023-03-30 12:55:23.343 [main] Sockets - Failed to connect to server after: 2 times
[INFO ] 2023-03-30 12:55:36.579 [main] Sockets - Failed to connect to server after: 1 times
[INFO ] 2023-03-30 12:55:40.508 [main] Sockets - Failed to connect to server after: 2 times
[INFO ] 2023-03-30 12:55:43.891 [main] Sockets - Failed to connect to server after: 3 times
[INFO ] 2023-03-30 12:55:56.450 [Thread-0] Sockets - Sent: PING
[INFO ] 2023-03-30 12:55:57.315 [Thread-0] Sockets - Received: PONG
[INFO ] 2023-03-30 12:56:07.316 [Thread-0] Sockets - Sent: PING
[INFO ] 2023-03-30 12:56:07.318 [Thread-0] Sockets - Received: PONG
[INFO ] 2023-03-30 12:56:17.318 [Thread-0] Sockets - Sent: PING
[INFO ] 2023-03-30 12:56:17.320 [Thread-0] Sockets - Received: PONG
[INFO ] 2023-03-30 12:56:27.320 [Thread-0] Sockets - Sent: PING
[INFO ] 2023-03-30 13:07:59.948 [Thread-0] Sockets - Sent: PING
[INFO ] 2023-03-30 13:08:00.840 [Thread-0] Sockets - Received: PONG
[INFO ] 2023-03-30 13:08:10.840 [Thread-0] Sockets - Sent: PING
[INFO ] 2023-03-30 13:08:10.843 [Thread-0] Sockets - Received: PONG
[INFO ] 2023-03-30 13:08:35.792 [Thread-0] Sockets - Sent: PING
[INFO ] 2023-03-30 13:08:36.185 [Thread-0] Sockets - Received: PONG
[INFO ] 2023-03-30 13:08:39.186 [Thread-0] Sockets - Sent: PING
[INFO ] 2023-03-30 13:08:39.188 [Thread-0] Sockets - Received: PONG
[INFO ] 2023-03-30 13:08:42.193 [Thread-0] Sockets - Sent: PING
[INFO ] 2023-03-30 13:08:42.194 [Thread-0] Sockets - Received: 
[INFO ] 2023-03-30 13:08:45.395 [Thread-0] Sockets - Sent: PING
[INFO ] 2023-03-30 13:10:31.819 [Thread-0] Sockets - Sent: PING
[INFO ] 2023-03-30 13:10:32.866 [Thread-0] Sockets - Received: PONG
[INFO ] 2023-03-30 13:10:35.867 [Thread-0] Sockets - Sent: PING
[INFO ] 2023-03-30 13:10:35.868 [Thread-0] Sockets - Received: 
[INFO ] 2023-03-30 13:10:39.105 [Thread-0] Sockets - Sent: PING
[INFO ] 2023-03-30 13:11:11.687 [main] Sockets - Failed to connect to server after: 1 times
[INFO ] 2023-03-30 13:11:15.680 [main] Sockets - Failed to connect to server after: 2 times
[INFO ] 2023-03-30 13:11:19.227 [main] Sockets - Failed to connect to server after: 3 times
[INFO ] 2023-03-30 13:11:22.897 [main] Sockets - Failed to connect to server after: 4 times
[INFO ] 2023-03-30 13:11:26.888 [main] Sockets - Failed to connect to server after: 5 times
[INFO ] 2023-03-30 13:11:52.258 [Thread-0] Sockets - Sent: PING
[INFO ] 2023-03-30 13:12:31.978 [Thread-0] Sockets - Sent: PING
[INFO ] 2023-03-30 13:13:11.519 [Thread-0] Sockets - Received: PONG
[INFO ] 2023-03-30 13:13:24.105 [Thread-0] Sockets - Sent: PING
[INFO ] 2023-03-30 13:13:29.454 [Thread-0] Sockets - Received: 
[INFO ] 2023-03-30 13:13:57.330 [Thread-0] Sockets - Sent: PING
[INFO ] 2023-03-30 13:16:57.171 [Thread-0] Sockets - Sent: PING
[INFO ] 2023-03-30 13:16:57.965 [Thread-0] Sockets - Received: 
[INFO ] 2023-03-30 13:16:59.658 [Thread-0] Sockets - Sent: PING
[INFO ] 2023-03-30 13:16:59.659 [Thread-0] Sockets - Received: 
[INFO ] 2023-03-30 13:17:00.741 [Thread-0] Sockets - Sent: PING
[INFO ] 2023-03-30 13:17:06.810 [main] Sockets - Failed to connect to server after: 1 times
[INFO ] 2023-03-30 13:17:10.908 [main] Sockets - Failed to connect to server after: 2 times
[INFO ] 2023-03-30 13:17:15.670 [main] Sockets - Failed to connect to server after: 3 times
[INFO ] 2023-03-30 13:17:18.959 [main] Sockets - Failed to connect to server after: 4 times
[INFO ] 2023-03-30 13:17:27.742 [Thread-0] Sockets - Sent: PING
[INFO ] 2023-03-30 13:17:28.605 [Thread-0] Sockets - Received: PONG
[INFO ] 2023-03-30 13:17:31.606 [Thread-0] Sockets - Sent: PING
[INFO ] 2023-03-30 13:17:31.608 [Thread-0] Sockets - Received: PONG
[INFO ] 2023-03-30 13:17:34.608 [Thread-0] Sockets - Sent: PING
[INFO ] 2023-03-30 13:17:34.610 [Thread-0] Sockets - Received: PONG
[INFO ] 2023-03-30 13:17:37.610 [Thread-0] Sockets - Sent: PING
[INFO ] 2023-03-30 13:17:37.612 [Thread-0] Sockets - Received: PONG
[INFO ] 2023-03-30 13:17:40.612 [Thread-0] Sockets - Sent: PING
[INFO ] 2023-03-30 13:17:40.614 [Thread-0] Sockets - Received: 
[INFO ] 2023-03-30 13:17:46.300 [Thread-0] Sockets - Sent: PING
[INFO ] 2023-03-30 13:25:26.767 [main] Sockets - Failed to connect to server after: 1 times
[INFO ] 2023-03-30 13:25:30.812 [main] Sockets - Failed to connect to server after: 2 times
[INFO ] 2023-03-30 13:25:33.460 [main] Sockets - Failed to connect to server after: 3 times
[INFO ] 2023-03-30 13:25:38.396 [Thread-0] Sockets - Sent: PING
[INFO ] 2023-03-30 13:25:39.201 [Thread-0] Sockets - Received: PONG
[INFO ] 2023-03-30 13:25:42.202 [Thread-0] Sockets - Sent: PING
[INFO ] 2023-03-30 13:25:42.204 [Thread-0] Sockets - Received: PONG
[INFO ] 2023-03-30 13:25:45.204 [Thread-0] Sockets - Sent: PING
[INFO ] 2023-03-30 13:25:45.205 [Thread-0] Sockets - Received: PONG
[INFO ] 2023-03-30 13:25:48.205 [Thread-0] Sockets - Sent: PING
[INFO ] 2023-03-30 13:25:48.207 [Thread-0] Sockets - Received: PONG
[INFO ] 2023-03-30 13:25:51.207 [Thread-0] Sockets - Sent: PING
[INFO ] 2023-03-30 13:25:51.209 [Thread-0] Sockets - Received: PONG
[INFO ] 2023-03-30 13:25:54.209 [Thread-0] Sockets - Sent: PING
[INFO ] 2023-03-30 13:25:54.211 [Thread-0] Sockets - Received: PONG
[INFO ] 2023-03-30 13:25:57.211 [Thread-0] Sockets - Sent: PING
[INFO ] 2023-03-30 13:25:57.212 [Thread-0] Sockets - Received: 
[INFO ] 2023-03-30 13:25:58.436 [Thread-0] Sockets - Sent: PING
[INFO ] 2023-03-30 13:25:58.437 [Thread-0] Sockets - Received: 
[INFO ] 2023-03-30 13:25:59.493 [Thread-0] Sockets - Sent: PING
[INFO ] 2023-03-30 13:25:59.494 [Thread-0] Sockets - Received: 
[INFO ] 2023-03-30 13:26:00.521 [Thread-0] Sockets - Sent: PING
[INFO ] 2023-03-30 13:26:00.521 [Thread-0] Sockets - Received: 
[INFO ] 2023-03-30 13:26:01.508 [Thread-0] Sockets - Sent: PING
[INFO ] 2023-03-30 13:26:01.508 [Thread-0] Sockets - Received: 
[INFO ] 2023-03-30 13:26:02.373 [Thread-0] Sockets - Sent: PING
[INFO ] 2023-03-30 13:26:02.374 [Thread-0] Sockets - Received: 
[INFO ] 2023-03-30 13:26:02.988 [Thread-0] Sockets - Sent: PING
[INFO ] 2023-03-30 13:26:02.988 [Thread-0] Sockets - Received: 
[INFO ] 2023-03-30 13:26:03.465 [Thread-0] Sockets - Sent: PING
[INFO ] 2023-03-30 13:26:03.468 [Thread-0] Sockets - Received: 
[INFO ] 2023-03-30 13:26:03.971 [Thread-0] Sockets - Sent: PING
[INFO ] 2023-03-30 13:26:03.972 [Thread-0] Sockets - Received: 
[INFO ] 2023-03-30 13:26:04.463 [Thread-0] Sockets - Sent: PING
[INFO ] 2023-03-30 13:26:04.464 [Thread-0] Sockets - Received: 
[INFO ] 2023-03-30 13:26:04.723 [Thread-0] Sockets - Sent: PING
[INFO ] 2023-03-30 13:26:04.724 [Thread-0] Sockets - Received: 
[INFO ] 2023-03-30 13:26:04.950 [Thread-0] Sockets - Sent: PING
[INFO ] 2023-03-30 13:26:04.951 [Thread-0] Sockets - Received: 
[INFO ] 2023-03-30 13:26:05.117 [Thread-0] Sockets - Sent: PING
[INFO ] 2023-03-30 13:26:05.118 [Thread-0] Sockets - Received: 
[INFO ] 2023-03-30 13:26:05.277 [Thread-0] Sockets - Sent: PING
[INFO ] 2023-03-30 13:26:05.278 [Thread-0] Sockets - Received: 
[INFO ] 2023-03-30 13:26:05.450 [Thread-0] Sockets - Sent: PING
[INFO ] 2023-03-30 13:26:05.452 [Thread-0] Sockets - Received: 
[INFO ] 2023-03-30 13:26:05.739 [Thread-0] Sockets - Sent: PING
[INFO ] 2023-03-30 13:26:05.742 [Thread-0] Sockets - Received: 
[INFO ] 2023-03-30 13:26:05.918 [Thread-0] Sockets - Sent: PING
[INFO ] 2023-03-30 13:26:05.919 [Thread-0] Sockets - Received: 
[INFO ] 2023-03-30 13:26:06.091 [Thread-0] Sockets - Sent: PING
[INFO ] 2023-03-30 13:26:06.092 [Thread-0] Sockets - Received: 
[INFO ] 2023-03-30 13:26:06.273 [Thread-0] Sockets - Sent: PING
[INFO ] 2023-03-30 13:26:06.275 [Thread-0] Sockets - Received: 
[INFO ] 2023-03-30 13:26:06.438 [Thread-0] Sockets - Sent: PING
[INFO ] 2023-03-30 13:26:06.438 [Thread-0] Sockets - Received: 
[INFO ] 2023-03-30 13:26:06.622 [Thread-0] Sockets - Sent: PING
[INFO ] 2023-03-30 13:26:06.623 [Thread-0] Sockets - Received: 
[INFO ] 2023-03-30 13:26:06.793 [Thread-0] Sockets - Sent: PING
[INFO ] 2023-03-30 13:26:06.794 [Thread-0] Sockets - Received: 
[INFO ] 2023-03-30 13:26:08.615 [Thread-0] Sockets - Sent: PING
[INFO ] 2023-03-30 13:26:08.616 [Thread-0] Sockets - Received: 
[INFO ] 2023-03-30 13:26:09.557 [Thread-0] Sockets - Sent: PING
[INFO ] 2023-03-30 13:26:09.558 [Thread-0] Sockets - Received: 
[INFO ] 2023-03-30 13:26:11.163 [Thread-0] Sockets - Sent: PING
[INFO ] 2023-03-30 13:26:11.165 [Thread-0] Sockets - Received: 
[INFO ] 2023-03-30 13:26:11.494 [Thread-0] Sockets - Sent: PING
[INFO ] 2023-03-30 13:26:11.495 [Thread-0] Sockets - Received: 
[INFO ] 2023-03-30 13:26:11.834 [Thread-0] Sockets - Sent: PING
[INFO ] 2023-03-30 13:26:11.836 [Thread-0] Sockets - Received: 
[INFO ] 2023-03-30 13:26:13.684 [Thread-0] Sockets - Sent: PING
[INFO ] 2023-03-30 13:26:13.685 [Thread-0] Sockets - Received: 
[INFO ] 2023-03-30 13:26:14.081 [Thread-0] Sockets - Sent: PING
[INFO ] 2023-03-30 13:26:14.082 [Thread-0] Sockets - Received: 
[INFO ] 2023-03-30 13:26:14.430 [Thread-0] Sockets - Sent: PING
[INFO ] 2023-03-30 13:26:14.432 [Thread-0] Sockets - Received: 
[INFO ] 2023-03-30 13:26:14.862 [Thread-0] Sockets - Sent: PING
[INFO ] 2023-03-30 13:26:14.863 [Thread-0] Sockets - Received: 
[INFO ] 2023-03-30 13:26:15.128 [Thread-0] Sockets - Sent: PING
[INFO ] 2023-03-30 13:26:15.129 [Thread-0] Sockets - Received: 
[INFO ] 2023-03-30 13:26:15.356 [Thread-0] Sockets - Sent: PING
[INFO ] 2023-03-30 13:26:15.357 [Thread-0] Sockets - Received: 
[INFO ] 2023-03-30 13:26:16.071 [Thread-0] Sockets - Sent: PING
[INFO ] 2023-03-30 13:26:16.072 [Thread-0] Sockets - Received: 
[INFO ] 2023-03-30 13:26:16.566 [Thread-0] Sockets - Sent: PING
[INFO ] 2023-03-30 13:26:16.567 [Thread-0] Sockets - Received: 
[INFO ] 2023-03-30 13:26:19.048 [Thread-0] Sockets - Sent: PING
[INFO ] 2023-03-30 13:26:19.049 [Thread-0] Sockets - Received: 
[INFO ] 2023-03-30 13:26:27.676 [Thread-0] Sockets - Sent: PING
[INFO ] 2023-03-30 13:26:27.677 [Thread-0] Sockets - Received: 
[INFO ] 2023-03-30 13:28:24.483 [Thread-0] Sockets - Sent: PING
[INFO ] 2023-03-30 13:28:25.267 [Thread-0] Sockets - Received: PONG
[INFO ] 2023-03-30 13:28:28.269 [Thread-0] Sockets - Sent: PING
[INFO ] 2023-03-30 13:28:28.271 [Thread-0] Sockets - Received: PONG
[INFO ] 2023-03-30 13:28:31.272 [Thread-0] Sockets - Sent: PING
[INFO ] 2023-03-30 13:28:31.273 [Thread-0] Sockets - Received: 
[INFO ] 2023-03-30 13:28:39.848 [main] Sockets - Failed to connect to server after: 1 times
[INFO ] 2023-03-30 13:39:56.473 [main] Sockets - Failed to connect to server after: 2 times
[FATAL] 2023-03-30 13:55:17.569 [main] TransactionManager - java.io.FileNotFoundException: common/src/main/resources/config.properties (No such file or directory)
[FATAL] 2023-03-30 13:55:32.417 [main] TransactionManager - java.io.FileNotFoundException: common/src/main/resources/config.properties (No such file or directory)
[ERROR] 2023-03-30 13:58:08.297 [Thread-0] Server - com.fasterxml.jackson.databind.exc.InvalidDefinitionException: Java 8 date/time type `java.time.OffsetDateTime` not supported by default: add Module "com.fasterxml.jackson.datatype:jackson-datatype-jsr310" to enable handling (through reference chain: com.leo.dtos.ResponseDto["timestamp"])
[ERROR] 2023-03-30 14:01:40.979 [Thread-1] Server - com.fasterxml.jackson.databind.exc.InvalidDefinitionException: Java 8 date/time type `java.time.OffsetDateTime` not supported by default: add Module "com.fasterxml.jackson.datatype:jackson-datatype-jsr310" to enable handling (through reference chain: com.leo.dtos.ResponseDto["timestamp"])
[ERROR] 2023-03-30 14:04:37.602 [Thread-0] Server - com.fasterxml.jackson.databind.exc.InvalidDefinitionException: Java 8 date/time type `java.time.OffsetDateTime` not supported by default: add Module "com.fasterxml.jackson.datatype:jackson-datatype-jsr310" to enable handling (through reference chain: com.leo.dtos.ResponseDto["timestamp"])
[ERROR] 2023-03-30 14:21:45.025 [AWT-EventQueue-0] ErrorPopup - class java.lang.String cannot be cast to class java.util.List (java.lang.String and java.util.List are in module java.base of loader 'bootstrap')
[ERROR] 2023-03-30 14:22:34.645 [AWT-EventQueue-0] ErrorPopup - class java.lang.String cannot be cast to class java.util.List (java.lang.String and java.util.List are in module java.base of loader 'bootstrap')
[ERROR] 2023-03-30 14:49:26.056 [AWT-EventQueue-0] ErrorPopup - class java.lang.String cannot be cast to class com.leo.models.User (java.lang.String is in module java.base of loader 'bootstrap'; com.leo.models.User is in unnamed module of loader 'app')
